[debug] [2022-08-07T06:50:17.528Z] ----------------------------------------------------------------------
[debug] [2022-08-07T06:50:17.530Z] Command:       /usr/local/bin/node /usr/local/bin/firebase init
[debug] [2022-08-07T06:50:17.531Z] CLI Version:   11.4.2
[debug] [2022-08-07T06:50:17.531Z] Platform:      linux
[debug] [2022-08-07T06:50:17.531Z] Node Version:  v16.16.0
[debug] [2022-08-07T06:50:17.536Z] Time:          Sun Aug 07 2022 06:50:17 GMT+0000 (Coordinated Universal Time)
[debug] [2022-08-07T06:50:17.536Z] ----------------------------------------------------------------------
[debug] 
[debug] [2022-08-07T06:50:17.547Z] > command requires scopes: ["email","openid","https://www.googleapis.com/auth/cloudplatformprojects.readonly","https://www.googleapis.com/auth/firebase","https://www.googleapis.com/auth/cloud-platform"]
[info] 
     ######## #### ########  ######## ########     ###     ######  ########
     ##        ##  ##     ## ##       ##     ##  ##   ##  ##       ##
     ######    ##  ########  ######   ########  #########  ######  ######
     ##        ##  ##    ##  ##       ##     ## ##     ##       ## ##
     ##       #### ##     ## ######## ########  ##     ##  ######  ########

You're about to initialize a Firebase project in this directory:

  /home/sanchezpepe97/portfolio

[info] 
=== Project Setup
[info] 
[info] First, let's associate this project directory with a Firebase project.
[info] You can create multiple project aliases by running firebase use --add, 
[info] but for now we'll just set up a default project.
[info] 
[debug] [2022-08-07T06:50:25.463Z] >>> [apiv2][query] GET https://firebase.googleapis.com/v1beta1/projects pageSize=100
[debug] [2022-08-07T06:50:25.514Z] <<< [apiv2][status] GET https://firebase.googleapis.com/v1beta1/projects 403
[debug] [2022-08-07T06:50:25.519Z] <<< [apiv2][body] GET https://firebase.googleapis.com/v1beta1/projects [omitted]
[debug] [2022-08-07T06:50:25.520Z] HTTP Error: 403, Request had insufficient authentication scopes.
[debug] [2022-08-07T06:50:25.521Z] FirebaseError: HTTP Error: 403, Request had insufficient authentication scopes.
    at responseToError (/usr/local/lib/node_modules/firebase-tools/lib/responseToError.js:49:12)
    at RetryOperation._fn (/usr/local/lib/node_modules/firebase-tools/lib/apiv2.js:288:77)
    at processTicksAndRejections (node:internal/process/task_queues:96:5)
[error] 
[error] Error: Failed to list Firebase projects. See firebase-debug.log for more info.
